f:\sistem solar\bigproj\x64\debug\bigproj.pch
f:\sistem solar\bigproj\x64\debug\vc141.pdb
f:\sistem solar\bigproj\x64\debug\vc141.idb
f:\sistem solar\bigproj\x64\debug\pch.obj
f:\sistem solar\bigproj\x64\debug\scenemanager.obj
f:\sistem solar\bigproj\x64\debug\resourcemanager.obj
f:\sistem solar\bigproj\x64\debug\globals.obj
f:\sistem solar\bigproj\x64\debug\camera.obj
f:\sistem solar\bigproj\x64\debug\bigproj.obj
f:\sistem solar\x64\debug\bigproj.pdb
f:\sistem solar\bigproj\x64\debug\bigproj.tlog\cl.command.1.tlog
f:\sistem solar\bigproj\x64\debug\bigproj.tlog\cl.read.1.tlog
f:\sistem solar\bigproj\x64\debug\bigproj.tlog\cl.write.1.tlog
f:\sistem solar\bigproj\x64\debug\bigproj.tlog\link-cvtres.read.1.tlog
f:\sistem solar\bigproj\x64\debug\bigproj.tlog\link-cvtres.write.1.tlog
f:\sistem solar\bigproj\x64\debug\bigproj.tlog\link-rc.read.1.tlog
f:\sistem solar\bigproj\x64\debug\bigproj.tlog\link-rc.write.1.tlog
f:\sistem solar\bigproj\x64\debug\bigproj.tlog\link.3660-cvtres.read.1.tlog
f:\sistem solar\bigproj\x64\debug\bigproj.tlog\link.3660-cvtres.write.1.tlog
f:\sistem solar\bigproj\x64\debug\bigproj.tlog\link.3660-rc.read.1.tlog
f:\sistem solar\bigproj\x64\debug\bigproj.tlog\link.3660-rc.write.1.tlog
f:\sistem solar\bigproj\x64\debug\bigproj.tlog\link.3660.read.1.tlog
f:\sistem solar\bigproj\x64\debug\bigproj.tlog\link.3660.write.1.tlog
f:\sistem solar\bigproj\x64\debug\bigproj.tlog\link.command.1.tlog
f:\sistem solar\bigproj\x64\debug\bigproj.tlog\link.read.1.tlog
f:\sistem solar\bigproj\x64\debug\bigproj.tlog\link.write.1.tlog
