BigProj.obj : error LNK2019: unresolved external symbol __imp__glewInit@0 referenced in function _main
BigProj.obj : error LNK2001: unresolved external symbol __imp____glewBindBuffer
ResourceManager.obj : error LNK2001: unresolved external symbol __imp____glewBindBuffer
SceneManager.obj : error LNK2001: unresolved external symbol __imp____glewBindBuffer
BigProj.obj : error LNK2001: unresolved external symbol __imp____glewDeleteBuffers
ResourceManager.obj : error LNK2001: unresolved external symbol __imp____glewDeleteBuffers
BigProj.obj : error LNK2001: unresolved external symbol __imp____glewDeleteProgram
ResourceManager.obj : error LNK2001: unresolved external symbol __imp____glewDeleteProgram
BigProj.obj : error LNK2001: unresolved external symbol __imp____glewDeleteShader
ResourceManager.obj : error LNK2001: unresolved external symbol __imp____glewDeleteShader
BigProj.obj : error LNK2001: unresolved external symbol __imp____glewDrawArraysInstanced
ResourceManager.obj : error LNK2001: unresolved external symbol __imp____glewDrawArraysInstanced
ResourceManager.obj : error LNK2001: unresolved external symbol __imp____glewBufferData
SceneManager.obj : error LNK2001: unresolved external symbol __imp____glewBufferData
ResourceManager.obj : error LNK2001: unresolved external symbol __imp____glewGenBuffers
SceneManager.obj : error LNK2001: unresolved external symbol __imp____glewGenBuffers
ResourceManager.obj : error LNK2001: unresolved external symbol __imp____glewAttachShader
ResourceManager.obj : error LNK2001: unresolved external symbol __imp____glewCompileShader
ResourceManager.obj : error LNK2001: unresolved external symbol __imp____glewCreateProgram
ResourceManager.obj : error LNK2001: unresolved external symbol __imp____glewCreateShader
ResourceManager.obj : error LNK2001: unresolved external symbol __imp____glewGetAttribLocation
ResourceManager.obj : error LNK2001: unresolved external symbol __imp____glewGetProgramInfoLog
ResourceManager.obj : error LNK2001: unresolved external symbol __imp____glewGetProgramiv
ResourceManager.obj : error LNK2001: unresolved external symbol __imp____glewGetShaderInfoLog
ResourceManager.obj : error LNK2001: unresolved external symbol __imp____glewGetShaderiv
ResourceManager.obj : error LNK2001: unresolved external symbol __imp____glewGetUniformLocation
ResourceManager.obj : error LNK2001: unresolved external symbol __imp____glewLinkProgram
ResourceManager.obj : error LNK2001: unresolved external symbol __imp____glewShaderSource
ResourceManager.obj : error LNK2001: unresolved external symbol __imp____glewUniform1i
ResourceManager.obj : error LNK2001: unresolved external symbol __imp____glewUseProgram
SceneManager.obj : error LNK2001: unresolved external symbol __imp____glewUseProgram
SceneManager.obj : error LNK2001: unresolved external symbol __imp____glewActiveTexture
SceneManager.obj : error LNK2001: unresolved external symbol __imp____glewBlendEquation
SceneManager.obj : error LNK2001: unresolved external symbol __imp____glewMapBuffer
SceneManager.obj : error LNK2001: unresolved external symbol __imp____glewUnmapBuffer
SceneManager.obj : error LNK2001: unresolved external symbol __imp____glewEnableVertexAttribArray
SceneManager.obj : error LNK2001: unresolved external symbol __imp____glewUniform3f
SceneManager.obj : error LNK2001: unresolved external symbol __imp____glewUniformMatrix4fv
SceneManager.obj : error LNK2001: unresolved external symbol __imp____glewVertexAttribPointer
SceneManager.obj : error LNK2001: unresolved external symbol __imp____glewVertexAttribDivisor
F:\BigProj\Debug\BigProj.exe : fatal error LNK1120: 31 unresolved externals
